<?xml version="1.0" encoding="UTF-8"?>
<testsuite name="SILab2Test" tests="2" skipped="0" failures="0" errors="0" timestamp="2020-05-30T11:21:10" hostname="vicky" time="0.023">
  <properties/>
  <testcase name="testCriteriaMultiplieCondition" classname="SILab2Test" time="0.016"/>
  <testcase name="testCriteriaEveryStatement" classname="SILab2Test" time="0.006"/>
  <system-out><![CDATA[]]></system-out>
  <system-err><![CDATA[]]></system-err>
</testsuite>
